#
# There is insufficient memory for the Java Runtime Environment to continue.
# Native memory allocation (mmap) failed to map 5726797824 bytes for committing reserved memory.
# Possible reasons:
#   The system is out of physical RAM or swap space
#   In 32 bit mode, the process size limit was hit
# Possible solutions:
#   Reduce memory load on the system
#   Increase physical memory or swap space
#   Check if swap backing store is full
#   Use 64 bit Java on a 64 bit OS
#   Decrease Java heap size (-Xmx/-Xms)
#   Decrease number of Java threads
#   Decrease Java thread stack sizes (-Xss)
#   Set larger code cache with -XX:ReservedCodeCacheSize=
# This output file may be truncated or incomplete.
#
#  Out of Memory Error (os_linux.cpp:2746), pid=11774, tid=0x00007f103da3e700
#
# JRE version:  (8.0_191-b12) (build )
# Java VM: OpenJDK 64-Bit Server VM (25.191-b12 mixed mode linux-amd64 compressed oops)
# Failed to write core dump. Core dumps have been disabled. To enable core dumping, try "ulimit -c unlimited" before starting Java again
#

---------------  T H R E A D  ---------------

Current thread (0x00007f103400d800):  JavaThread "Unknown thread" [_thread_in_vm, id=11784, stack(0x00007f103d93f000,0x00007f103da3f000)]

Stack: [0x00007f103d93f000,0x00007f103da3f000],  sp=0x00007f103da3d590,  free space=1017k
Native frames: (J=compiled Java code, j=interpreted, Vv=VM code, C=native code)
V  [libjvm.so+0xab2552]
V  [libjvm.so+0x4d9e37]
V  [libjvm.so+0x8ed5e0]
V  [libjvm.so+0x8e470e]
V  [libjvm.so+0x968466]
V  [libjvm.so+0x95879c]
V  [libjvm.so+0x2b402e]
V  [libjvm.so+0x9153f1]
V  [libjvm.so+0xa74c2a]
V  [libjvm.so+0xa74f15]
V  [libjvm.so+0x626cef]
V  [libjvm.so+0xa5866b]
V  [libjvm.so+0x6a9241]  JNI_CreateJavaVM+0x61
C  [libjli.so+0x2ce3]
C  [libjli.so+0x77ad]
C  [libpthread.so.0+0x76db]  start_thread+0xdb


---------------  P R O C E S S  ---------------

Java Threads: ( => current thread )

Other Threads:

=>0x00007f103400d800 (exited) JavaThread "Unknown thread" [_thread_in_vm, id=11784, stack(0x00007f103d93f000,0x00007f103da3f000)]

VM state:not at safepoint (not fully initialized)

VM Mutex/Monitor currently owned by a thread: None

GC Heap History (0 events):
No events

Deoptimization events (0 events):
No events

Classes redefined (0 events):
No events

Internal exceptions (0 events):
No events

Events (0 events):
No events


Dynamic libraries:
715580000-7c0000000 rw-p 00000000 00:00 0 
56457591d000-56457591e000 r-xp 00000000 103:04 4196406                   /usr/lib/jvm/java-8-openjdk-amd64/jre/bin/java
564575b1d000-564575b1e000 r--p 00000000 103:04 4196406                   /usr/lib/jvm/java-8-openjdk-amd64/jre/bin/java
564575b1e000-564575b1f000 rw-p 00001000 103:04 4196406                   /usr/lib/jvm/java-8-openjdk-amd64/jre/bin/java
564575c19000-564575c3a000 rw-p 00000000 00:00 0                          [heap]
7f1025000000-7f1025270000 rwxp 00000000 00:00 0 
7f1025270000-7f1034000000 ---p 00000000 00:00 0 
7f1034000000-7f1034035000 rw-p 00000000 00:00 0 
7f1034035000-7f1038000000 ---p 00000000 00:00 0 
7f1038edc000-7f1039986000 ---p 00000000 00:00 0 
7f1039986000-7f1039ee7000 rw-p 00000000 00:00 0 
7f1039ee7000-7f103a29d000 ---p 00000000 00:00 0 
7f103a29d000-7f103a2a5000 r-xp 00000000 103:04 4196907                   /usr/lib/jvm/java-8-openjdk-amd64/jre/lib/amd64/libzip.so
7f103a2a5000-7f103a4a4000 ---p 00008000 103:04 4196907                   /usr/lib/jvm/java-8-openjdk-amd64/jre/lib/amd64/libzip.so
7f103a4a4000-7f103a4a5000 r--p 00007000 103:04 4196907                   /usr/lib/jvm/java-8-openjdk-amd64/jre/lib/amd64/libzip.so
7f103a4a5000-7f103a4a6000 rw-p 00008000 103:04 4196907                   /usr/lib/jvm/java-8-openjdk-amd64/jre/lib/amd64/libzip.so
7f103a4a6000-7f103a4b1000 r-xp 00000000 103:04 2888518                   /lib/x86_64-linux-gnu/libnss_files-2.27.so
7f103a4b1000-7f103a6b0000 ---p 0000b000 103:04 2888518                   /lib/x86_64-linux-gnu/libnss_files-2.27.so
7f103a6b0000-7f103a6b1000 r--p 0000a000 103:04 2888518                   /lib/x86_64-linux-gnu/libnss_files-2.27.so
7f103a6b1000-7f103a6b2000 rw-p 0000b000 103:04 2888518                   /lib/x86_64-linux-gnu/libnss_files-2.27.so
7f103a6b2000-7f103a6b8000 rw-p 00000000 00:00 0 
7f103a6b8000-7f103a6cf000 r-xp 00000000 103:04 2888512                   /lib/x86_64-linux-gnu/libnsl-2.27.so
7f103a6cf000-7f103a8ce000 ---p 00017000 103:04 2888512                   /lib/x86_64-linux-gnu/libnsl-2.27.so
7f103a8ce000-7f103a8cf000 r--p 00016000 103:04 2888512                   /lib/x86_64-linux-gnu/libnsl-2.27.so
7f103a8cf000-7f103a8d0000 rw-p 00017000 103:04 2888512                   /lib/x86_64-linux-gnu/libnsl-2.27.so
7f103a8d0000-7f103a8d2000 rw-p 00000000 00:00 0 
7f103a8d2000-7f103a8dd000 r-xp 00000000 103:04 2888529                   /lib/x86_64-linux-gnu/libnss_nis-2.27.so
7f103a8dd000-7f103aadc000 ---p 0000b000 103:04 2888529                   /lib/x86_64-linux-gnu/libnss_nis-2.27.so
7f103aadc000-7f103aadd000 r--p 0000a000 103:04 2888529                   /lib/x86_64-linux-gnu/libnss_nis-2.27.so
7f103aadd000-7f103aade000 rw-p 0000b000 103:04 2888529                   /lib/x86_64-linux-gnu/libnss_nis-2.27.so
7f103aade000-7f103aae6000 r-xp 00000000 103:04 2888514                   /lib/x86_64-linux-gnu/libnss_compat-2.27.so
7f103aae6000-7f103ace6000 ---p 00008000 103:04 2888514                   /lib/x86_64-linux-gnu/libnss_compat-2.27.so
7f103ace6000-7f103ace7000 r--p 00008000 103:04 2888514                   /lib/x86_64-linux-gnu/libnss_compat-2.27.so
7f103ace7000-7f103ace8000 rw-p 00009000 103:04 2888514                   /lib/x86_64-linux-gnu/libnss_compat-2.27.so
7f103ace8000-7f103ad16000 r-xp 00000000 103:04 4196866                   /usr/lib/jvm/java-8-openjdk-amd64/jre/lib/amd64/libjava.so
7f103ad16000-7f103af15000 ---p 0002e000 103:04 4196866                   /usr/lib/jvm/java-8-openjdk-amd64/jre/lib/amd64/libjava.so
7f103af15000-7f103af16000 r--p 0002d000 103:04 4196866                   /usr/lib/jvm/java-8-openjdk-amd64/jre/lib/amd64/libjava.so
7f103af16000-7f103af18000 rw-p 0002e000 103:04 4196866                   /usr/lib/jvm/java-8-openjdk-amd64/jre/lib/amd64/libjava.so
7f103af18000-7f103af28000 r-xp 00000000 103:04 4196904                   /usr/lib/jvm/java-8-openjdk-amd64/jre/lib/amd64/libverify.so
7f103af28000-7f103b127000 ---p 00010000 103:04 4196904                   /usr/lib/jvm/java-8-openjdk-amd64/jre/lib/amd64/libverify.so
7f103b127000-7f103b129000 r--p 0000f000 103:04 4196904                   /usr/lib/jvm/java-8-openjdk-amd64/jre/lib/amd64/libverify.so
7f103b129000-7f103b12a000 rw-p 00011000 103:04 4196904                   /usr/lib/jvm/java-8-openjdk-amd64/jre/lib/amd64/libverify.so
7f103b12a000-7f103b131000 r-xp 00000000 103:04 2888569                   /lib/x86_64-linux-gnu/librt-2.27.so
7f103b131000-7f103b330000 ---p 00007000 103:04 2888569                   /lib/x86_64-linux-gnu/librt-2.27.so
7f103b330000-7f103b331000 r--p 00006000 103:04 2888569                   /lib/x86_64-linux-gnu/librt-2.27.so
7f103b331000-7f103b332000 rw-p 00007000 103:04 2888569                   /lib/x86_64-linux-gnu/librt-2.27.so
7f103b332000-7f103b349000 r-xp 00000000 103:04 2888307                   /lib/x86_64-linux-gnu/libgcc_s.so.1
7f103b349000-7f103b548000 ---p 00017000 103:04 2888307                   /lib/x86_64-linux-gnu/libgcc_s.so.1
7f103b548000-7f103b549000 r--p 00016000 103:04 2888307                   /lib/x86_64-linux-gnu/libgcc_s.so.1
7f103b549000-7f103b54a000 rw-p 00017000 103:04 2888307                   /lib/x86_64-linux-gnu/libgcc_s.so.1
7f103b54a000-7f103b6e7000 r-xp 00000000 103:04 2888491                   /lib/x86_64-linux-gnu/libm-2.27.so
7f103b6e7000-7f103b8e6000 ---p 0019d000 103:04 2888491                   /lib/x86_64-linux-gnu/libm-2.27.so
7f103b8e6000-7f103b8e7000 r--p 0019c000 103:04 2888491                   /lib/x86_64-linux-gnu/libm-2.27.so
7f103b8e7000-7f103b8e8000 rw-p 0019d000 103:04 2888491                   /lib/x86_64-linux-gnu/libm-2.27.so
7f103b8e8000-7f103ba61000 r-xp 00000000 103:04 4198682                   /usr/lib/x86_64-linux-gnu/libstdc++.so.6.0.25
7f103ba61000-7f103bc61000 ---p 00179000 103:04 4198682                   /usr/lib/x86_64-linux-gnu/libstdc++.so.6.0.25
7f103bc61000-7f103bc6b000 r--p 00179000 103:04 4198682                   /usr/lib/x86_64-linux-gnu/libstdc++.so.6.0.25
7f103bc6b000-7f103bc6d000 rw-p 00183000 103:04 4198682                   /usr/lib/x86_64-linux-gnu/libstdc++.so.6.0.25
7f103bc6d000-7f103bc71000 rw-p 00000000 00:00 0 
7f103bc71000-7f103c90b000 r-xp 00000000 103:04 4196910                   /usr/lib/jvm/java-8-openjdk-amd64/jre/lib/amd64/server/libjvm.so
7f103c90b000-7f103cb0a000 ---p 00c9a000 103:04 4196910                   /usr/lib/jvm/java-8-openjdk-amd64/jre/lib/amd64/server/libjvm.so
7f103cb0a000-7f103cb9e000 r--p 00c99000 103:04 4196910                   /usr/lib/jvm/java-8-openjdk-amd64/jre/lib/amd64/server/libjvm.so
7f103cb9e000-7f103cbc7000 rw-p 00d2d000 103:04 4196910                   /usr/lib/jvm/java-8-openjdk-amd64/jre/lib/amd64/server/libjvm.so
7f103cbc7000-7f103cbf7000 rw-p 00000000 00:00 0 
7f103cbf7000-7f103cc11000 r-xp 00000000 103:04 2888561                   /lib/x86_64-linux-gnu/libpthread-2.27.so
7f103cc11000-7f103ce10000 ---p 0001a000 103:04 2888561                   /lib/x86_64-linux-gnu/libpthread-2.27.so
7f103ce10000-7f103ce11000 r--p 00019000 103:04 2888561                   /lib/x86_64-linux-gnu/libpthread-2.27.so
7f103ce11000-7f103ce12000 rw-p 0001a000 103:04 2888561                   /lib/x86_64-linux-gnu/libpthread-2.27.so
7f103ce12000-7f103ce16000 rw-p 00000000 00:00 0 
7f103ce16000-7f103ce19000 r-xp 00000000 103:04 2888451                   /lib/x86_64-linux-gnu/libdl-2.27.so
7f103ce19000-7f103d018000 ---p 00003000 103:04 2888451                   /lib/x86_64-linux-gnu/libdl-2.27.so
7f103d018000-7f103d019000 r--p 00002000 103:04 2888451                   /lib/x86_64-linux-gnu/libdl-2.27.so
7f103d019000-7f103d01a000 rw-p 00003000 103:04 2888451                   /lib/x86_64-linux-gnu/libdl-2.27.so
7f103d01a000-7f103d036000 r-xp 00000000 103:04 2888600                   /lib/x86_64-linux-gnu/libz.so.1.2.11
7f103d036000-7f103d235000 ---p 0001c000 103:04 2888600                   /lib/x86_64-linux-gnu/libz.so.1.2.11
7f103d235000-7f103d236000 r--p 0001b000 103:04 2888600                   /lib/x86_64-linux-gnu/libz.so.1.2.11
7f103d236000-7f103d237000 rw-p 0001c000 103:04 2888600                   /lib/x86_64-linux-gnu/libz.so.1.2.11
7f103d237000-7f103d41e000 r-xp 00000000 103:04 2888428                   /lib/x86_64-linux-gnu/libc-2.27.so
7f103d41e000-7f103d61e000 ---p 001e7000 103:04 2888428                   /lib/x86_64-linux-gnu/libc-2.27.so
7f103d61e000-7f103d622000 r--p 001e7000 103:04 2888428                   /lib/x86_64-linux-gnu/libc-2.27.so
7f103d622000-7f103d624000 rw-p 001eb000 103:04 2888428                   /lib/x86_64-linux-gnu/libc-2.27.so
7f103d624000-7f103d628000 rw-p 00000000 00:00 0 
7f103d628000-7f103d636000 r-xp 00000000 103:04 4196846                   /usr/lib/jvm/java-8-openjdk-amd64/jre/lib/amd64/jli/libjli.so
7f103d636000-7f103d835000 ---p 0000e000 103:04 4196846                   /usr/lib/jvm/java-8-openjdk-amd64/jre/lib/amd64/jli/libjli.so
7f103d835000-7f103d836000 r--p 0000d000 103:04 4196846                   /usr/lib/jvm/java-8-openjdk-amd64/jre/lib/amd64/jli/libjli.so
7f103d836000-7f103d837000 rw-p 0000e000 103:04 4196846                   /usr/lib/jvm/java-8-openjdk-amd64/jre/lib/amd64/jli/libjli.so
7f103d837000-7f103d85e000 r-xp 00000000 103:04 2888400                   /lib/x86_64-linux-gnu/ld-2.27.so
7f103d93e000-7f103d93f000 ---p 00000000 00:00 0 
7f103d93f000-7f103d942000 ---p 00000000 00:00 0 
7f103d942000-7f103da41000 rw-p 00000000 00:00 0 
7f103da52000-7f103da5a000 rw-s 00000000 103:04 1181089                   /tmp/hsperfdata_wyes/11774
7f103da5a000-7f103da5b000 rw-p 00000000 00:00 0 
7f103da5b000-7f103da5c000 r--p 00000000 00:00 0 
7f103da5c000-7f103da5e000 rw-p 00000000 00:00 0 
7f103da5e000-7f103da5f000 r--p 00027000 103:04 2888400                   /lib/x86_64-linux-gnu/ld-2.27.so
7f103da5f000-7f103da60000 rw-p 00028000 103:04 2888400                   /lib/x86_64-linux-gnu/ld-2.27.so
7f103da60000-7f103da61000 rw-p 00000000 00:00 0 
7ffc10ca2000-7ffc10cc5000 rw-p 00000000 00:00 0                          [stack]
7ffc10db4000-7ffc10db7000 r--p 00000000 00:00 0                          [vvar]
7ffc10db7000-7ffc10db9000 r-xp 00000000 00:00 0                          [vdso]
ffffffffff600000-ffffffffff601000 r-xp 00000000 00:00 0                  [vsyscall]

VM Arguments:
jvm_args: -Xmx8g -Xms8g 
java_command: io.grpc.examples.KvRunner
java_class_path (initial): /home/wyes/proj/kvstore/build/install/kvstore/lib/kvstore-1.0-SNAPSHOT.jar:/home/wyes/proj/kvstore/build/install/kvstore/lib/groovy-all-2.3.11.jar:/home/wyes/proj/kvstore/build/install/kvstore/lib/grpc-all-1.10.0.jar:/home/wyes/proj/kvstore/build/install/kvstore/lib/grpc-auth-1.10.0.jar:/home/wyes/proj/kvstore/build/install/kvstore/lib/grpc-core-1.10.0.jar:/home/wyes/proj/kvstore/build/install/kvstore/lib/grpc-context-1.10.0.jar:/home/wyes/proj/kvstore/build/install/kvstore/lib/grpc-netty-1.10.0.jar:/home/wyes/proj/kvstore/build/install/kvstore/lib/grpc-okhttp-1.10.0.jar:/home/wyes/proj/kvstore/build/install/kvstore/lib/grpc-protobuf-1.10.0.jar:/home/wyes/proj/kvstore/build/install/kvstore/lib/grpc-protobuf-nano-1.10.0.jar:/home/wyes/proj/kvstore/build/install/kvstore/lib/grpc-stub-1.10.0.jar:/home/wyes/proj/kvstore/build/install/kvstore/lib/grpc-testing-1.10.0.jar:/home/wyes/proj/kvstore/build/install/kvstore/lib/google-auth-library-credentials-0.9.0.jar:/home/wyes/proj/kvstore/build/install/kvstore/lib/gson-2.7.jar:/home/wyes/proj/kvstore/build/install/kvstore/lib/guava-19.0.jar:/home/wyes/proj/kvstore/build/install/kvstore/lib/error_prone_annotations-2.1.2.jar:/home/wyes/proj/kvstore/build/install/kvstore/lib/jsr305-3.0.0.jar:/home/wyes/proj/kvstore/build/install/kvstore/lib/opencensus-api-0.11.0.jar:/home/wyes/proj/kvstore/build/install/kvstore/lib/opencensus-contrib-grpc-metrics-0.11.0.jar:/home/wyes/proj/kvstore/build/install/kvstore/lib/netty-codec-http2-4.1.17.Final.jar:/home/wyes/proj/kvstore/build/install/kvstore/lib/netty-handler-proxy-4.1.17.Final.jar:/home/wyes/proj/kvstore/build/install/kvstore/lib/okhttp-2.5.0.jar:/home/wyes/proj/kvstore/build/install/kvstore/lib/okio-1.13.0.jar:/home/wyes/proj/kvstore/build/install/kvstore/lib/protobuf-java-3.5.1.jar:/home/wyes/proj/kvstore/build/install/kvstore/lib/protobuf-java-util-3.5.1.jar:/home/wyes/proj/kvstore/build/install/kvstore/lib/proto-google-common-protos-1.0.0.jar:/home/wy
Launcher Type: SUN_STANDARD

Environment Variables:
PATH=/usr/local/sbin:/usr/local/bin:/usr/sbin:/usr/bin:/sbin:/bin:/usr/games:/usr/local/games:/snap/bin
USERNAME=wyes
SHELL=/bin/bash
DISPLAY=:0

Signal Handlers:
SIGSEGV: [libjvm.so+0xab2ea0], sa_mask[0]=11111111011111111101111111111110, sa_flags=SA_RESTART|SA_SIGINFO
SIGBUS: [libjvm.so+0xab2ea0], sa_mask[0]=11111111011111111101111111111110, sa_flags=SA_RESTART|SA_SIGINFO
SIGFPE: [libjvm.so+0x8e87b0], sa_mask[0]=11111111011111111101111111111110, sa_flags=SA_RESTART|SA_SIGINFO
SIGPIPE: [libjvm.so+0x8e87b0], sa_mask[0]=11111111011111111101111111111110, sa_flags=SA_RESTART|SA_SIGINFO
SIGXFSZ: [libjvm.so+0x8e87b0], sa_mask[0]=11111111011111111101111111111110, sa_flags=SA_RESTART|SA_SIGINFO
SIGILL: [libjvm.so+0x8e87b0], sa_mask[0]=11111111011111111101111111111110, sa_flags=SA_RESTART|SA_SIGINFO
SIGUSR1: SIG_DFL, sa_mask[0]=00000000000000000000000000000000, sa_flags=none
SIGUSR2: [libjvm.so+0x8e8660], sa_mask[0]=00000000000000000000000000000000, sa_flags=SA_RESTART|SA_SIGINFO
SIGHUP: SIG_DFL, sa_mask[0]=00000000000000000000000000000000, sa_flags=none
SIGINT: SIG_DFL, sa_mask[0]=00000000000000000000000000000000, sa_flags=none
SIGTERM: SIG_DFL, sa_mask[0]=00000000000000000000000000000000, sa_flags=none
SIGQUIT: SIG_DFL, sa_mask[0]=00000000000000000000000000000000, sa_flags=none


---------------  S Y S T E M  ---------------

OS:DISTRIB_ID=Ubuntu
DISTRIB_RELEASE=18.04
DISTRIB_CODENAME=bionic
DISTRIB_DESCRIPTION="Ubuntu 18.04.2 LTS"

uname:Linux 4.15.0-47-generic #50-Ubuntu SMP Wed Mar 13 10:44:52 UTC 2019 x86_64
libc:glibc 2.27 NPTL 2.27 
rlimit: STACK 8192k, CORE 0k, NPROC 30450, NOFILE 4096, AS infinity
load average:1.02 0.60 0.48

/proc/meminfo:
MemTotal:        8052612 kB
MemFree:          923172 kB
MemAvailable:    2596916 kB
Buffers:          228784 kB
Cached:          2313764 kB
SwapCached:            0 kB
Active:          5025628 kB
Inactive:        1539756 kB
Active(anon):    4033492 kB
Inactive(anon):   709940 kB
Active(file):     992136 kB
Inactive(file):   829816 kB
Unevictable:          48 kB
Mlocked:              48 kB
SwapTotal:       2097148 kB
SwapFree:        2097148 kB
Dirty:               196 kB
Writeback:             0 kB
AnonPages:       4023084 kB
Mapped:           792912 kB
Shmem:            720600 kB
Slab:             298804 kB
SReclaimable:     152116 kB
SUnreclaim:       146688 kB
KernelStack:       20760 kB
PageTables:        94648 kB
NFS_Unstable:          0 kB
Bounce:                0 kB
WritebackTmp:          0 kB
CommitLimit:     6123452 kB
Committed_AS:   18846576 kB
VmallocTotal:   34359738367 kB
VmallocUsed:           0 kB
VmallocChunk:          0 kB
HardwareCorrupted:     0 kB
AnonHugePages:         0 kB
ShmemHugePages:        0 kB
ShmemPmdMapped:        0 kB
CmaTotal:              0 kB
CmaFree:               0 kB
HugePages_Total:       0
HugePages_Free:        0
HugePages_Rsvd:        0
HugePages_Surp:        0
Hugepagesize:       2048 kB
DirectMap4k:      362172 kB
DirectMap2M:     7911424 kB
DirectMap1G:           0 kB

container (cgroup) information:
container_type: cgroupv1
cpu_cpuset_cpus: 0-7
cpu_memory_nodes: 0
active_processor_count: 8
cpu_quota: -1
cpu_period: 100000
cpu_shares: -1
memory_limit_in_bytes: -1
memory_and_swap_limit_in_bytes: -2
memory_soft_limit_in_bytes: -1
memory_usage_in_bytes: 5933584384
memory_max_usage_in_bytes: 6807334912


CPU:total 8 (initial active 8) (4 cores per cpu, 2 threads per core) family 6 model 142 stepping 11, cmov, cx8, fxsr, mmx, sse, sse2, sse3, ssse3, sse4.1, sse4.2, popcnt, avx, avx2, aes, clmul, erms, 3dnowpref, lzcnt, ht, tsc, tscinvbit, bmi1, bmi2, adx

/proc/cpuinfo:
processor	: 0
vendor_id	: GenuineIntel
cpu family	: 6
model		: 142
model name	: Intel(R) Core(TM) i5-8265U CPU @ 1.60GHz
stepping	: 11
microcode	: 0x98
cpu MHz		: 1199.565
cache size	: 6144 KB
physical id	: 0
siblings	: 8
core id		: 0
cpu cores	: 4
apicid		: 0
initial apicid	: 0
fpu		: yes
fpu_exception	: yes
cpuid level	: 22
wp		: yes
flags		: fpu vme de pse tsc msr pae mce cx8 apic sep mtrr pge mca cmov pat pse36 clflush dts acpi mmx fxsr sse sse2 ss ht tm pbe syscall nx pdpe1gb rdtscp lm constant_tsc art arch_perfmon pebs bts rep_good nopl xtopology nonstop_tsc cpuid aperfmperf tsc_known_freq pni pclmulqdq dtes64 monitor ds_cpl vmx est tm2 ssse3 sdbg fma cx16 xtpr pdcm pcid sse4_1 sse4_2 x2apic movbe popcnt tsc_deadline_timer aes xsave avx f16c rdrand lahf_lm abm 3dnowprefetch cpuid_fault epb invpcid_single ssbd ibrs ibpb stibp tpr_shadow vnmi flexpriority ept vpid fsgsbase tsc_adjust bmi1 avx2 smep bmi2 erms invpcid mpx rdseed adx smap clflushopt intel_pt xsaveopt xsavec xgetbv1 xsaves dtherm ida arat pln pts hwp hwp_notify hwp_act_window hwp_epp flush_l1d arch_capabilities
bugs		: spectre_v1 spectre_v2 spec_store_bypass
bogomips	: 3600.00
clflush size	: 64
cache_alignment	: 64
address sizes	: 39 bits physical, 48 bits virtual
power management:

processor	: 1
vendor_id	: GenuineIntel
cpu family	: 6
model		: 142
model name	: Intel(R) Core(TM) i5-8265U CPU @ 1.60GHz
stepping	: 11
microcode	: 0x98
cpu MHz		: 1197.099
cache size	: 6144 KB
physical id	: 0
siblings	: 8
core id		: 1
cpu cores	: 4
apicid		: 2
initial apicid	: 2
fpu		: yes
fpu_exception	: yes
cpuid level	: 22
wp		: yes
flags		: fpu vme de pse tsc msr pae mce cx8 apic sep mtrr pge mca cmov pat pse36 clflush dts acpi mmx fxsr sse sse2 ss ht tm pbe syscall nx pdpe1gb rdtscp lm constant_tsc art arch_perfmon pebs bts rep_good nopl xtopology nonstop_tsc cpuid aperfmperf tsc_known_freq pni pclmulqdq dtes64 monitor ds_cpl vmx est tm2 ssse3 sdbg fma cx16 xtpr pdcm pcid sse4_1 sse4_2 x2apic movbe popcnt tsc_deadline_timer aes xsave avx f16c rdrand lahf_lm abm 3dnowprefetch cpuid_fault epb invpcid_single ssbd ibrs ibpb stibp tpr_shadow vnmi flexpriority ept vpid fsgsbase tsc_adjust bmi1 avx2 smep bmi2 erms invpcid mpx rdseed adx smap clflushopt intel_pt xsaveopt xsavec xgetbv1 xsaves dtherm ida arat pln pts hwp hwp_notify hwp_act_window hwp_epp flush_l1d arch_capabilities
bugs		: spectre_v1 spectre_v2 spec_store_bypass
bogomips	: 3600.00
clflush size	: 64
cache_alignment	: 64
address sizes	: 39 bits physical, 48 bits virtual
power management:

processor	: 2
vendor_id	: GenuineIntel
cpu family	: 6
model		: 142
model name	: Intel(R) Core(TM) i5-8265U CPU @ 1.60GHz
stepping	: 11
microcode	: 0x98
cpu MHz		: 1198.117
cache size	: 6144 KB
physical id	: 0
siblings	: 8
core id		: 2
cpu cores	: 4
apicid		: 4
initial apicid	: 4
fpu		: yes
fpu_exception	: yes
cpuid level	: 22
wp		: yes
flags		: fpu vme de pse tsc msr pae mce cx8 apic sep mtrr pge mca cmov pat pse36 clflush dts acpi mmx fxsr sse sse2 ss ht tm pbe syscall nx pdpe1gb rdtscp lm constant_tsc art arch_perfmon pebs bts rep_good nopl xtopology nonstop_tsc cpuid aperfmperf tsc_known_freq pni pclmulqdq dtes64 monitor ds_cpl vmx est tm2 ssse3 sdbg fma cx16 xtpr pdcm pcid sse4_1 sse4_2 x2apic movbe popcnt tsc_deadline_timer aes xsave avx f16c rdrand lahf_lm abm 3dnowprefetch cpuid_fault epb invpcid_single ssbd ibrs ibpb stibp tpr_shadow vnmi flexpriority ept vpid fsgsbase tsc_adjust bmi1 avx2 smep bmi2 erms invpcid mpx rdseed adx smap clflushopt intel_pt xsaveopt xsavec xgetbv1 xsaves dtherm ida arat pln pts hwp hwp_notify hwp_act_window hwp_epp flush_l1d arch_capabilities
bugs		: spectre_v1 spectre_v2 spec_store_bypass
bogomips	: 3600.00
clflush size	: 64
cache_alignment	: 64
address sizes	: 39 bits physical, 48 bits virtual
power management:

processor	: 3
vendor_id	: GenuineIntel
cpu family	: 6
model		: 142
model name	: Intel(R) Core(TM) i5-8265U CPU @ 1.60GHz
stepping	: 11
microcode	: 0x98
cpu MHz		: 1126.217
cache size	: 6144 KB
physical id	: 0
siblings	: 8
core id		: 3
cpu cores	: 4
apicid		: 6
initial apicid	: 6
fpu		: yes
fpu_exception	: yes
cpuid level	: 22
wp		: yes
flags		: fpu vme de pse tsc msr pae mce cx8 apic sep mtrr pge mca cmov pat pse36 clflush dts acpi mmx fxsr sse sse2 ss ht tm pbe syscall nx pdpe1gb rdtscp lm constant_tsc art arch_perfmon pebs bts rep_good nopl xtopology nonstop_tsc cpuid aperfmperf tsc_known_freq pni pclmulqdq dtes64 monitor ds_cpl vmx est tm2 ssse3 sdbg fma cx16 xtpr pdcm pcid sse4_1 sse4_2 x2apic movbe popcnt tsc_deadline_timer aes xsave avx f16c rdrand lahf_lm abm 3dnowprefetch cpuid_fault epb invpcid_single ssbd ibrs ibpb stibp tpr_shadow vnmi flexpriority ept vpid fsgsbase tsc_adjust bmi1 avx2 smep bmi2 erms invpcid mpx rdseed adx smap clflushopt intel_pt xsaveopt xsavec xgetbv1 xsaves dtherm ida arat pln pts hwp hwp_notify hwp_act_window hwp_epp flush_l1d arch_capabilities
bugs		: spectre_v1 spectre_v2 spec_store_bypass
bogomips	: 3600.00
clflush size	: 64
cache_alignment	: 64
address sizes	: 39 bits physical, 48 bits virtual
power management:

processor	: 4
vendor_id	: GenuineIntel
cpu family	: 6
model		: 142
model name	: Intel(R) Core(TM) i5-8265U CPU @ 1.60GHz
stepping	: 11
microcode	: 0x98
cpu MHz		: 1200.017
cache size	: 6144 KB
physical id	: 0
siblings	: 8
core id		: 0
cpu cores	: 4
apicid		: 1
initial apicid	: 1
fpu		: yes
fpu_exception	: yes
cpuid level	: 22
wp		: yes
flags		: fpu vme de pse tsc msr pae mce cx8 apic sep mtrr pge mca cmov pat pse36 clflush dts acpi mmx fxsr sse sse2 ss ht tm pbe syscall nx pdpe1gb rdtscp lm constant_tsc art arch_perfmon pebs bts rep_good nopl xtopology nonstop_tsc cpuid aperfmperf tsc_known_freq pni pclmulqdq dtes64 monitor ds_cpl vmx est tm2 ssse3 sdbg fma cx16 xtpr pdcm pcid sse4_1 sse4_2 x2apic movbe popcnt tsc_deadline_timer aes xsave avx f16c rdrand lahf_lm abm 3dnowprefetch cpuid_fault epb invpcid_single ssbd ibrs ibpb stibp tpr_shadow vnmi flexpriority ept vpid fsgsbase tsc_adjust bmi1 avx2 smep bmi2 erms invpcid mpx rdseed adx smap clflushopt intel_pt xsaveopt xsavec xgetbv1 xsaves dtherm ida arat pln pts hwp hwp_notify hwp_act_window hwp_epp flush_l1d arch_capabilities
bugs		: spectre_v1 spectre_v2 spec_store_bypass
bogomips	: 3600.00
clflush size	: 64
cache_alignment	: 64
address sizes	: 39 bits physical, 48 bits virtual
power management:

processor	: 5
vendor_id	: GenuineIntel
cpu family	: 6
model		: 142
model name	: Intel(R) Core(TM) i5-8265U CPU @ 1.60GHz
stepping	: 11
microcode	: 0x98
cpu MHz		: 1193.524
cache size	: 6144 KB
physical id	: 0
siblings	: 8
core id		: 1
cpu cores	: 4
apicid		: 3
initial apicid	: 3
fpu		: yes
fpu_exception	: yes
cpuid level	: 22
wp		: yes
flags		: fpu vme de pse tsc msr pae mce cx8 apic sep mtrr pge mca cmov pat pse36 clflush dts acpi mmx fxsr sse sse2 ss ht tm pbe syscall nx pdpe1gb rdtscp lm constant_tsc art arch_perfmon pebs bts rep_good nopl xtopology nonstop_tsc cpuid aperfmperf tsc_known_freq pni pclmulqdq dtes64 monitor ds_cpl vmx est tm2 ssse3 sdbg fma cx16 xtpr pdcm pcid sse4_1 sse4_2 x2apic movbe popcnt tsc_deadline_timer aes xsave avx f16c rdrand lahf_lm abm 3dnowprefetch cpuid_fault epb invpcid_single ssbd ibrs ibpb stibp tpr_shadow vnmi flexpriority ept vpid fsgsbase tsc_adjust bmi1 avx2 smep bmi2 erms invpcid mpx rdseed adx smap clflushopt intel_pt xsaveopt xsavec xgetbv1 xsaves dtherm ida arat pln pts hwp hwp_notify hwp_act_window hwp_epp flush_l1d arch_capabilities
bugs		: spectre_v1 spectre_v2 spec_store_bypass
bogomips	: 3600.00
clflush size	: 64
cache_alignment	: 64
address sizes	: 39 bits physical, 48 bits virtual
power management:

processor	: 6
vendor_id	: GenuineIntel
cpu family	: 6
model		: 142
model name	: Intel(R) Core(TM) i5-8265U CPU @ 1.60GHz
stepping	: 11
microcode	: 0x98
cpu MHz		: 1199.337
cache size	: 6144 KB
physical id	: 0
siblings	: 8
core id		: 2
cpu cores	: 4
apicid		: 5
initial apicid	: 5
fpu		: yes
fpu_exception	: yes
cpuid level	: 22
wp		: yes
flags		: fpu vme de pse tsc msr pae mce cx8 apic sep mtrr pge mca cmov pat pse36 clflush dts acpi mmx fxsr sse sse2 ss ht tm pbe syscall nx pdpe1gb rdtscp lm constant_tsc art arch_perfmon pebs bts rep_good nopl xtopology nonstop_tsc cpuid aperfmperf tsc_known_freq pni pclmulqdq dtes64 monitor ds_cpl vmx est tm2 ssse3 sdbg fma cx16 xtpr pdcm pcid sse4_1 sse4_2 x2apic movbe popcnt tsc_deadline_timer aes xsave avx f16c rdrand lahf_lm abm 3dnowprefetch cpuid_fault epb invpcid_single ssbd ibrs ibpb stibp tpr_shadow vnmi flexpriority ept vpid fsgsbase tsc_adjust bmi1 avx2 smep bmi2 erms invpcid mpx rdseed adx smap clflushopt intel_pt xsaveopt xsavec xgetbv1 xsaves dtherm ida arat pln pts hwp hwp_notify hwp_act_window hwp_epp flush_l1d arch_capabilities
bugs		: spectre_v1 spectre_v2 spec_store_bypass
bogomips	: 3600.00
clflush size	: 64
cache_alignment	: 64
address sizes	: 39 bits physical, 48 bits virtual
power management:

processor	: 7
vendor_id	: GenuineIntel
cpu family	: 6
model		: 142
model name	: Intel(R) Core(TM) i5-8265U CPU @ 1.60GHz
stepping	: 11
microcode	: 0x98
cpu MHz		: 1173.345
cache size	: 6144 KB
physical id	: 0
siblings	: 8
core id		: 3
cpu cores	: 4
apicid		: 7
initial apicid	: 7
fpu		: yes
fpu_exception	: yes
cpuid level	: 22
wp		: yes
flags		: fpu vme de pse tsc msr pae mce cx8 apic sep mtrr pge mca cmov pat pse36 clflush dts acpi mmx fxsr sse sse2 ss ht tm pbe syscall nx pdpe1gb rdtscp lm constant_tsc art arch_perfmon pebs bts rep_good nopl xtopology nonstop_tsc cpuid aperfmperf tsc_known_freq pni pclmulqdq dtes64 monitor ds_cpl vmx est tm2 ssse3 sdbg fma cx16 xtpr pdcm pcid sse4_1 sse4_2 x2apic movbe popcnt tsc_deadline_timer aes xsave avx f16c rdrand lahf_lm abm 3dnowprefetch cpuid_fault epb invpcid_single ssbd ibrs ibpb stibp tpr_shadow vnmi flexpriority ept vpid fsgsbase tsc_adjust bmi1 avx2 smep bmi2 erms invpcid mpx rdseed adx smap clflushopt intel_pt xsaveopt xsavec xgetbv1 xsaves dtherm ida arat pln pts hwp hwp_notify hwp_act_window hwp_epp flush_l1d arch_capabilities
bugs		: spectre_v1 spectre_v2 spec_store_bypass
bogomips	: 3600.00
clflush size	: 64
cache_alignment	: 64
address sizes	: 39 bits physical, 48 bits virtual
power management:



Memory: 4k page, physical 8052612k(921720k free), swap 2097148k(2097148k free)

vm_info: OpenJDK 64-Bit Server VM (25.191-b12) for linux-amd64 JRE (1.8.0_191-8u191-b12-2ubuntu0.18.04.1-b12), built on Jan 14 2019 21:02:00 by "buildd" with gcc 7.3.0

time: Fri Apr 26 17:42:12 2019
elapsed time: 0 seconds (0d 0h 0m 0s)

