<?xml version="1.0" encoding="UTF-8" standalone="no"?>
<!DOCTYPE log SYSTEM "logger.dtd">
<log>
<record>
  <date>2019-04-30T17:24:58</date>
  <millis>1556625298306</millis>
  <sequence>0</sequence>
  <logger>io.grpc.examples.KvRunner</logger>
  <level>INFO</level>
  <class>io.grpc.examples.KvRunner</class>
  <method>runClient</method>
  <thread>1</thread>
  <message>Starting</message>
</record>
<record>
  <date>2019-04-30T17:25:58</date>
  <millis>1556625358321</millis>
  <sequence>1</sequence>
  <logger>io.grpc.examples.KvRunner</logger>
  <level>INFO</level>
  <class>io.grpc.examples.KvRunner</class>
  <method>runClient</method>
  <thread>1</thread>
  <message>Hello</message>
</record>
<record>
  <date>2019-04-30T17:25:58</date>
  <millis>1556625358322</millis>
  <sequence>2</sequence>
  <logger>io.grpc.examples.KvRunner</logger>
  <level>INFO</level>
  <class>io.grpc.examples.KvRunner</class>
  <method>runClient</method>
  <thread>1</thread>
  <message>Did 9,937.267 RPCs/s</message>
</record>
<record>
  <date>2019-04-30T17:25:58</date>
  <millis>1556625358331</millis>
  <sequence>3</sequence>
  <logger>io.grpc.examples.KvRunner</logger>
  <level>INFO</level>
  <class>io.grpc.examples.KvRunner</class>
  <method>runClient</method>
  <thread>1</thread>
  <message>Starting</message>
</record>
<record>
  <date>2019-04-30T17:26:58</date>
  <millis>1556625418333</millis>
  <sequence>4</sequence>
  <logger>io.grpc.examples.KvRunner</logger>
  <level>INFO</level>
  <class>io.grpc.examples.KvRunner</class>
  <method>runClient</method>
  <thread>1</thread>
  <message>Hello</message>
</record>
<record>
  <date>2019-04-30T17:26:58</date>
  <millis>1556625418333</millis>
  <sequence>5</sequence>
  <logger>io.grpc.examples.KvRunner</logger>
  <level>INFO</level>
  <class>io.grpc.examples.KvRunner</class>
  <method>runClient</method>
  <thread>1</thread>
  <message>Did 10,638.95 RPCs/s</message>
</record>
<record>
  <date>2019-04-30T17:26:58</date>
  <millis>1556625418337</millis>
  <sequence>6</sequence>
  <logger>io.grpc.examples.KvRunner</logger>
  <level>INFO</level>
  <class>io.grpc.examples.KvRunner</class>
  <method>runClient</method>
  <thread>1</thread>
  <message>Starting</message>
</record>
<record>
  <date>2019-04-30T17:27:58</date>
  <millis>1556625478338</millis>
  <sequence>7</sequence>
  <logger>io.grpc.examples.KvRunner</logger>
  <level>INFO</level>
  <class>io.grpc.examples.KvRunner</class>
  <method>runClient</method>
  <thread>1</thread>
  <message>Hello</message>
</record>
<record>
  <date>2019-04-30T17:27:58</date>
  <millis>1556625478339</millis>
  <sequence>8</sequence>
  <logger>io.grpc.examples.KvRunner</logger>
  <level>INFO</level>
  <class>io.grpc.examples.KvRunner</class>
  <method>runClient</method>
  <thread>1</thread>
  <message>Did 10,247.017 RPCs/s</message>
</record>
<record>
  <date>2019-04-30T17:27:58</date>
  <millis>1556625478343</millis>
  <sequence>9</sequence>
  <logger>io.grpc.examples.KvRunner</logger>
  <level>INFO</level>
  <class>io.grpc.examples.KvRunner</class>
  <method>runClient</method>
  <thread>1</thread>
  <message>Starting</message>
</record>
<record>
  <date>2019-04-30T17:28:58</date>
  <millis>1556625538344</millis>
  <sequence>10</sequence>
  <logger>io.grpc.examples.KvRunner</logger>
  <level>INFO</level>
  <class>io.grpc.examples.KvRunner</class>
  <method>runClient</method>
  <thread>1</thread>
  <message>Hello</message>
</record>
<record>
  <date>2019-04-30T17:28:58</date>
  <millis>1556625538345</millis>
  <sequence>11</sequence>
  <logger>io.grpc.examples.KvRunner</logger>
  <level>INFO</level>
  <class>io.grpc.examples.KvRunner</class>
  <method>runClient</method>
  <thread>1</thread>
  <message>Did 7,716.533 RPCs/s</message>
</record>
<record>
  <date>2019-04-30T17:28:58</date>
  <millis>1556625538349</millis>
  <sequence>12</sequence>
  <logger>io.grpc.examples.KvRunner</logger>
  <level>INFO</level>
  <class>io.grpc.examples.KvRunner</class>
  <method>runClient</method>
  <thread>1</thread>
  <message>Starting</message>
</record>
<record>
  <date>2019-04-30T17:29:58</date>
  <millis>1556625598350</millis>
  <sequence>13</sequence>
  <logger>io.grpc.examples.KvRunner</logger>
  <level>INFO</level>
  <class>io.grpc.examples.KvRunner</class>
  <method>runClient</method>
  <thread>1</thread>
  <message>Hello</message>
</record>
<record>
  <date>2019-04-30T17:29:58</date>
  <millis>1556625598351</millis>
  <sequence>14</sequence>
  <logger>io.grpc.examples.KvRunner</logger>
  <level>INFO</level>
  <class>io.grpc.examples.KvRunner</class>
  <method>runClient</method>
  <thread>1</thread>
  <message>Did 2,649.833 RPCs/s</message>
</record>
<record>
  <date>2019-04-30T17:29:58</date>
  <millis>1556625598354</millis>
  <sequence>15</sequence>
  <logger>io.grpc.examples.KvRunner</logger>
  <level>INFO</level>
  <class>io.grpc.examples.KvRunner</class>
  <method>runClient</method>
  <thread>1</thread>
  <message>Starting</message>
</record>
<record>
  <date>2019-04-30T17:30:58</date>
  <millis>1556625658359</millis>
  <sequence>16</sequence>
  <logger>io.grpc.examples.KvRunner</logger>
  <level>INFO</level>
  <class>io.grpc.examples.KvRunner</class>
  <method>runClient</method>
  <thread>1</thread>
  <message>Hello</message>
</record>
<record>
  <date>2019-04-30T17:30:58</date>
  <millis>1556625658360</millis>
  <sequence>17</sequence>
  <logger>io.grpc.examples.KvRunner</logger>
  <level>INFO</level>
  <class>io.grpc.examples.KvRunner</class>
  <method>runClient</method>
  <thread>1</thread>
  <message>Did 342 RPCs/s</message>
</record>
</log>
<?xml version="1.0" encoding="UTF-8" standalone="no"?>
<!DOCTYPE log SYSTEM "logger.dtd">
<log>
<record>
  <date>2019-04-30T19:22:56</date>
  <millis>1556632376590</millis>
  <sequence>0</sequence>
  <logger>io.grpc.examples.KvRunner</logger>
  <level>INFO</level>
  <class>io.grpc.examples.KvRunner</class>
  <method>runClient</method>
  <thread>1</thread>
  <message>Starting</message>
</record>
</log>
<?xml version="1.0" encoding="UTF-8" standalone="no"?>
<!DOCTYPE log SYSTEM "logger.dtd">
<log>
<record>
  <date>2019-04-30T19:27:59</date>
  <millis>1556632679643</millis>
  <sequence>0</sequence>
  <logger>io.grpc.examples.KvRunner</logger>
  <level>INFO</level>
  <class>io.grpc.examples.KvRunner</class>
  <method>runClient</method>
  <thread>1</thread>
  <message>Starting</message>
</record>
</log>
<?xml version="1.0" encoding="UTF-8" standalone="no"?>
<!DOCTYPE log SYSTEM "logger.dtd">
<log>
<record>
  <date>2019-05-01T16:17:53</date>
  <millis>1556707673132</millis>
  <sequence>0</sequence>
  <logger>io.grpc.examples.KvRunner</logger>
  <level>INFO</level>
  <class>io.grpc.examples.KvRunner</class>
  <method>runClient</method>
  <thread>1</thread>
  <message>Starting</message>
</record>
</log>
<?xml version="1.0" encoding="UTF-8" standalone="no"?>
<!DOCTYPE log SYSTEM "logger.dtd">
<log>
<record>
  <date>2019-05-01T16:18:19</date>
  <millis>1556707699879</millis>
  <sequence>0</sequence>
  <logger>io.grpc.examples.KvRunner</logger>
  <level>INFO</level>
  <class>io.grpc.examples.KvRunner</class>
  <method>runClient</method>
  <thread>1</thread>
  <message>Starting</message>
</record>
</log>
<?xml version="1.0" encoding="UTF-8" standalone="no"?>
<!DOCTYPE log SYSTEM "logger.dtd">
<log>
<record>
  <date>2019-05-01T16:20:50</date>
  <millis>1556707850746</millis>
  <sequence>0</sequence>
  <logger>io.grpc.examples.KvRunner</logger>
  <level>INFO</level>
  <class>io.grpc.examples.KvRunner</class>
  <method>runClient</method>
  <thread>1</thread>
  <message>Starting</message>
</record>
<record>
  <date>2019-05-01T16:21:50</date>
  <millis>1556707910764</millis>
  <sequence>1</sequence>
  <logger>io.grpc.examples.KvRunner</logger>
  <level>INFO</level>
  <class>io.grpc.examples.KvRunner</class>
  <method>runClient</method>
  <thread>1</thread>
  <message>Hello</message>
</record>
<record>
  <date>2019-05-01T16:21:50</date>
  <millis>1556707910765</millis>
  <sequence>2</sequence>
  <logger>io.grpc.examples.KvRunner</logger>
  <level>INFO</level>
  <class>io.grpc.examples.KvRunner</class>
  <method>runClient</method>
  <thread>1</thread>
  <message>Did 9,389.983 RPCs/s</message>
</record>
<record>
  <date>2019-05-01T16:21:50</date>
  <millis>1556707910775</millis>
  <sequence>3</sequence>
  <logger>io.grpc.examples.KvRunner</logger>
  <level>INFO</level>
  <class>io.grpc.examples.KvRunner</class>
  <method>runClient</method>
  <thread>1</thread>
  <message>Starting</message>
</record>
<record>
  <date>2019-05-01T16:22:50</date>
  <millis>1556707970776</millis>
  <sequence>4</sequence>
  <logger>io.grpc.examples.KvRunner</logger>
  <level>INFO</level>
  <class>io.grpc.examples.KvRunner</class>
  <method>runClient</method>
  <thread>1</thread>
  <message>Hello</message>
</record>
<record>
  <date>2019-05-01T16:22:50</date>
  <millis>1556707970777</millis>
  <sequence>5</sequence>
  <logger>io.grpc.examples.KvRunner</logger>
  <level>INFO</level>
  <class>io.grpc.examples.KvRunner</class>
  <method>runClient</method>
  <thread>1</thread>
  <message>Did 10,256.567 RPCs/s</message>
</record>
<record>
  <date>2019-05-01T16:22:50</date>
  <millis>1556707970780</millis>
  <sequence>6</sequence>
  <logger>io.grpc.examples.KvRunner</logger>
  <level>INFO</level>
  <class>io.grpc.examples.KvRunner</class>
  <method>runClient</method>
  <thread>1</thread>
  <message>Starting</message>
</record>
<record>
  <date>2019-05-01T16:23:50</date>
  <millis>1556708030785</millis>
  <sequence>7</sequence>
  <logger>io.grpc.examples.KvRunner</logger>
  <level>INFO</level>
  <class>io.grpc.examples.KvRunner</class>
  <method>runClient</method>
  <thread>1</thread>
  <message>Hello</message>
</record>
<record>
  <date>2019-05-01T16:23:50</date>
  <millis>1556708030786</millis>
  <sequence>8</sequence>
  <logger>io.grpc.examples.KvRunner</logger>
  <level>INFO</level>
  <class>io.grpc.examples.KvRunner</class>
  <method>runClient</method>
  <thread>1</thread>
  <message>Did 9,941.5 RPCs/s</message>
</record>
<record>
  <date>2019-05-01T16:23:50</date>
  <millis>1556708030789</millis>
  <sequence>9</sequence>
  <logger>io.grpc.examples.KvRunner</logger>
  <level>INFO</level>
  <class>io.grpc.examples.KvRunner</class>
  <method>runClient</method>
  <thread>1</thread>
  <message>Starting</message>
</record>
<record>
  <date>2019-05-01T16:24:50</date>
  <millis>1556708090794</millis>
  <sequence>10</sequence>
  <logger>io.grpc.examples.KvRunner</logger>
  <level>INFO</level>
  <class>io.grpc.examples.KvRunner</class>
  <method>runClient</method>
  <thread>1</thread>
  <message>Hello</message>
</record>
<record>
  <date>2019-05-01T16:24:50</date>
  <millis>1556708090795</millis>
  <sequence>11</sequence>
  <logger>io.grpc.examples.KvRunner</logger>
  <level>INFO</level>
  <class>io.grpc.examples.KvRunner</class>
  <method>runClient</method>
  <thread>1</thread>
  <message>Did 8,922.55 RPCs/s</message>
</record>
<record>
  <date>2019-05-01T16:24:50</date>
  <millis>1556708090798</millis>
  <sequence>12</sequence>
  <logger>io.grpc.examples.KvRunner</logger>
  <level>INFO</level>
  <class>io.grpc.examples.KvRunner</class>
  <method>runClient</method>
  <thread>1</thread>
  <message>Starting</message>
</record>
<record>
  <date>2019-05-01T16:25:50</date>
  <millis>1556708150800</millis>
  <sequence>13</sequence>
  <logger>io.grpc.examples.KvRunner</logger>
  <level>INFO</level>
  <class>io.grpc.examples.KvRunner</class>
  <method>runClient</method>
  <thread>1</thread>
  <message>Hello</message>
</record>
<record>
  <date>2019-05-01T16:25:50</date>
  <millis>1556708150801</millis>
  <sequence>14</sequence>
  <logger>io.grpc.examples.KvRunner</logger>
  <level>INFO</level>
  <class>io.grpc.examples.KvRunner</class>
  <method>runClient</method>
  <thread>1</thread>
  <message>Did 3,375.217 RPCs/s</message>
</record>
<record>
  <date>2019-05-01T16:25:50</date>
  <millis>1556708150804</millis>
  <sequence>15</sequence>
  <logger>io.grpc.examples.KvRunner</logger>
  <level>INFO</level>
  <class>io.grpc.examples.KvRunner</class>
  <method>runClient</method>
  <thread>1</thread>
  <message>Starting</message>
</record>
<record>
  <date>2019-05-01T16:26:50</date>
  <millis>1556708210807</millis>
  <sequence>16</sequence>
  <logger>io.grpc.examples.KvRunner</logger>
  <level>INFO</level>
  <class>io.grpc.examples.KvRunner</class>
  <method>runClient</method>
  <thread>1</thread>
  <message>Hello</message>
</record>
<record>
  <date>2019-05-01T16:26:50</date>
  <millis>1556708210807</millis>
  <sequence>17</sequence>
  <logger>io.grpc.examples.KvRunner</logger>
  <level>INFO</level>
  <class>io.grpc.examples.KvRunner</class>
  <method>runClient</method>
  <thread>1</thread>
  <message>Did 464.833 RPCs/s</message>
</record>
</log>
